Loading /home/prom/basic_bacterial_genome_pipeline/workflow/resources/mash_db/refseq.genomes+plasmids.k21.s1000.msh...
   20679266 distinct hashes.
Streaming from /tmp/tmpffmf10vd.fasta...
   Estimated distinct k-mers in mixture: 1920805
Summing shared...
Reallocating to winners...
Computing coverage medians...
Writing output...

Loading /home/prom/basic_bacterial_genome_pipeline/workflow/resources/mash_db/refseq.genomes+plasmids.k21.s1000.msh...
   20679266 distinct hashes.
Streaming from /tmp/tmptxplw1uh.fasta...
   Estimated distinct k-mers in mixture: 3071903
Summing shared...
Reallocating to winners...
Computing coverage medians...
Writing output...

Loading /home/prom/basic_bacterial_genome_pipeline/workflow/resources/mash_db/refseq.genomes+plasmids.k21.s1000.msh...
   20679266 distinct hashes.
Streaming from /tmp/tmpjm5b5iro.fasta...
   Estimated distinct k-mers in mixture: 58647
Summing shared...
Reallocating to winners...
Computing coverage medians...
Writing output...

Loading /home/prom/basic_bacterial_genome_pipeline/workflow/resources/mash_db/refseq.genomes+plasmids.k21.s1000.msh...
   20679266 distinct hashes.
Streaming from /tmp/tmp9nd_ngt0.fasta...
   Estimated distinct k-mers in mixture: 41705
Summing shared...
Reallocating to winners...
Computing coverage medians...
Writing output...

Loading /home/prom/basic_bacterial_genome_pipeline/workflow/resources/mash_db/refseq.genomes+plasmids.k21.s1000.msh...
   20679266 distinct hashes.
Streaming from /tmp/tmpc42w5aab.fasta...
   Estimated distinct k-mers in mixture: 172761
Summing shared...
Reallocating to winners...
Computing coverage medians...
Writing output...

