Bakta v1.6.1
Options and arguments:
	input: /data/_231115_BACT_B/Lab_C4G_1/consensus_cov.fasta
	db: /home/prom/basic_bacterial_genome_pipeline/workflow/resources/bakta_db/db, version 4.0
	output: /data/_231115_BACT_B/Lab_C4G_1/annotation
	prefix: consensus_cov
	tmp directory: /tmp/tmpsnm_idmh
	# threads: 12
	keep contig headers: True
	translation table: 11

parse genome sequences...
	imported: 3
	filtered & revised: 3
	contigs: 3

start annotation...
predict tRNAs...
	found: 133
predict tmRNAs...
	found: 1
predict rRNAs...
	found: 40
predict ncRNAs...
	found: 24
predict ncRNA regions...
	found: 31
predict CRISPR arrays...
	found: 0
predict & annotate CDSs...
	predicted: 4556 
	discarded spurious: 0
	revised translational exceptions: 0
	detected IPSs: 4229
	found PSCs: 250
	found PSCCs: 30
	lookup annotations...
	conduct expert systems...
		amrfinder: 4
		protein sequences: 16
	combine annotations and mark hypotheticals...
	detect pseudogenes...
		pseudogene candidates: 6
		found pseudogenes: 3
analyze hypothetical proteins: 357
	detected Pfam hits: 9 
	calculated proteins statistics
	revise special cases...
extract sORF...
	potential: 71429
/data/.snakemake/conda/83b5bcfa8d36af3d06ebf3bdae4d73c0_/lib/python3.11/site-packages/Bio/SeqUtils/__init__.py:144: BiopythonDeprecationWarning: GC is deprecated; please use gc_fraction instead.
  warnings.warn(
	discarded due to overlaps: 59199
	discarded spurious: 0
	detected IPSs: 3
	found PSCs: 2
	lookup annotations...
	filter and combine annotations...
	filtered sORFs: 2
detect gaps...
	found: 0
detect oriCs/oriVs...
	found: 3
detect oriTs...
	found: 0
apply feature overlap filters...
select features and create locus tags...
selected: 4786

genome statistics:
	Genome size: 5,187,513 bp
	Contigs/replicons: 3
	GC: 45.1 %
	N50: 3,254,721
	N ratio: 0.0 %
	coding density: 87.4 %

annotation summary:
	tRNAs: 133
	tmRNAs: 1
	rRNAs: 40
	ncRNAs: 24
	ncRNA regions: 30
	CRISPR arrays: 0
	CDSs: 4553
	  hypotheticals: 354
	  pseudogenes: 3
	  signal peptides: 0
	sORFs: 2
	gaps: 0
	oriCs/oriVs: 3
	oriTs: 0

export annotation results to: /data/_231115_BACT_B/Lab_C4G_1/annotation
	human readable TSV...
	GFF3...
	INSDC GenBank & EMBL...
	genome sequences...
	feature nucleotide sequences...
	translated CDS sequences...
	circular genome plot...
	hypothetical TSV...
	translated hypothetical CDS sequences...
	machine readable JSON...
	genome and annotation summary...

If you use these results please cite Bakta: https://doi.org/10.1099/mgen.0.000685
Annotation successfully finished in 7:02 [mm:ss].
