Loading /home/prom/basic_bacterial_genome_pipeline/workflow/resources/mash_db/refseq.genomes+plasmids.k21.s1000.msh...
   20679266 distinct hashes.
Streaming from /tmp/tmpu71gf6wa.fasta...
   Estimated distinct k-mers in mixture: 5679
Summing shared...
Reallocating to winners...
Computing coverage medians...
Writing output...

Loading /home/prom/basic_bacterial_genome_pipeline/workflow/resources/mash_db/refseq.genomes+plasmids.k21.s1000.msh...
   20679266 distinct hashes.
Streaming from /tmp/tmpqu1but53.fasta...
   Estimated distinct k-mers in mixture: 1920805
Summing shared...
Reallocating to winners...
Computing coverage medians...
Writing output...

Loading /home/prom/basic_bacterial_genome_pipeline/workflow/resources/mash_db/refseq.genomes+plasmids.k21.s1000.msh...
   20679266 distinct hashes.
Streaming from /tmp/tmp648lts3b.fasta...
   Estimated distinct k-mers in mixture: 3320124
Summing shared...
Reallocating to winners...
Computing coverage medians...
Writing output...

