
Starting python3 kernel...0.00s - Debugger warning: It seems that frozen modules are being used, which may
0.00s - make the debugger miss breakpoints. Please pass -Xfrozen_modules=off
0.00s - to python to disable frozen modules.
0.00s - Note: Debugging will proceed. Set PYDEVD_DISABLE_FILE_VALIDATION=1 to disable this validation.
0.00s - Debugger warning: It seems that frozen modules are being used, which may
0.00s - make the debugger miss breakpoints. Please pass -Xfrozen_modules=off
0.00s - to python to disable frozen modules.
0.00s - Note: Debugging will proceed. Set PYDEVD_DISABLE_FILE_VALIDATION=1 to disable this validation.
Done

Executing 'Lab_C4G_1_report.ipynb'

[1mpandoc [22m
  to: html
  output-file: Lab_C4G_1_report.html
  standalone: true
  embed-resources: true
  section-divs: true
  html-math-method: mathjax
  wrap: none
  default-image-extension: png
  toc: true
  
[1mmetadata[22m
  document-css: false
  link-citations: true
  date-format: long
  lang: en
  title: plasmidsaurus
  subtitle: Bacterial Genome Sequencing Results
  jupyter: python3
  theme:
    - title.css
  title-block-banner: '#28A745'
  title-block-banner-color: '#f8f9fa'
  linkcolor: '#73A16C'
  backgroundcolor: '#f8f9fa'
  cap-location: margin
  toc-location: left
  
Output created: Lab_C4G_1_report.html

