removed '_231115_BACT_B/Lab_C4G_1/02_pilot/.snakemake_timestamp'
removed directory '_231115_BACT_B/Lab_C4G_1/02_pilot'
removed '_231115_BACT_B/Lab_C4G_1/03_flye_only/.snakemake_timestamp'
removed '_231115_BACT_B/Lab_C4G_1/03_flye_only/assembly.fasta.map-ont.mmi'
removed '_231115_BACT_B/Lab_C4G_1/03_flye_only/assembly.fasta.fai'
removed '_231115_BACT_B/Lab_C4G_1/03_flye_only/split_contigs/contig_1.fasta'
removed '_231115_BACT_B/Lab_C4G_1/03_flye_only/split_contigs/contig_2.fasta'
removed '_231115_BACT_B/Lab_C4G_1/03_flye_only/split_contigs/.snakemake_timestamp'
removed '_231115_BACT_B/Lab_C4G_1/03_flye_only/split_contigs/contig_3.fasta'
removed directory '_231115_BACT_B/Lab_C4G_1/03_flye_only/split_contigs'
removed '_231115_BACT_B/Lab_C4G_1/03_flye_only/assembly_graph.gfa'
removed '_231115_BACT_B/Lab_C4G_1/03_flye_only/consensus.fasta'
removed '_231115_BACT_B/Lab_C4G_1/03_flye_only/assembly.fasta'
removed '_231115_BACT_B/Lab_C4G_1/03_flye_only/filt.downsample.fastq'
removed '_231115_BACT_B/Lab_C4G_1/03_flye_only/consensus.fasta.fai'
removed directory '_231115_BACT_B/Lab_C4G_1/03_flye_only'
removed '_231115_BACT_B/Lab_C4G_1/04_checkm/storage/bin_stats.tree.tsv'
removed '_231115_BACT_B/Lab_C4G_1/04_checkm/storage/aai_qa/assembly/PF02417.10.masked.faa'
removed '_231115_BACT_B/Lab_C4G_1/04_checkm/storage/aai_qa/assembly/TIGR00839.masked.faa'
removed '_231115_BACT_B/Lab_C4G_1/04_checkm/storage/aai_qa/assembly/PF01583.15.masked.faa'
removed '_231115_BACT_B/Lab_C4G_1/04_checkm/storage/aai_qa/assembly/PF01619.13.masked.faa'
removed '_231115_BACT_B/Lab_C4G_1/04_checkm/storage/aai_qa/assembly/TIGR02142.masked.faa'
removed '_231115_BACT_B/Lab_C4G_1/04_checkm/storage/aai_qa/assembly/PF04060.8.masked.faa'
removed '_231115_BACT_B/Lab_C4G_1/04_checkm/storage/aai_qa/assembly/PF02781.11.masked.faa'
removed '_231115_BACT_B/Lab_C4G_1/04_checkm/storage/aai_qa/assembly/PF03658.9.masked.faa'
removed '_231115_BACT_B/Lab_C4G_1/04_checkm/storage/aai_qa/assembly/TIGR00552.masked.faa'
removed '_231115_BACT_B/Lab_C4G_1/04_checkm/storage/aai_qa/assembly/PF00479.17.masked.faa'
removed '_231115_BACT_B/Lab_C4G_1/04_checkm/storage/aai_qa/assembly/TIGR02141.masked.faa'
removed '_231115_BACT_B/Lab_C4G_1/04_checkm/storage/aai_qa/assembly/TIGR01946.masked.faa'
removed '_231115_BACT_B/Lab_C4G_1/04_checkm/storage/aai_qa/assembly/PF07063.8.masked.faa'
removed '_231115_BACT_B/Lab_C4G_1/04_checkm/storage/aai_qa/assembly/TIGR03402.masked.faa'
removed '_231115_BACT_B/Lab_C4G_1/04_checkm/storage/aai_qa/assembly/PF08501.6.masked.faa'
removed '_231115_BACT_B/Lab_C4G_1/04_checkm/storage/aai_qa/assembly/TIGR01947.masked.faa'
removed '_231115_BACT_B/Lab_C4G_1/04_checkm/storage/aai_qa/assembly/PF00358.15.masked.faa'
removed '_231115_BACT_B/Lab_C4G_1/04_checkm/storage/aai_qa/assembly/PF08502.5.masked.faa'
removed '_231115_BACT_B/Lab_C4G_1/04_checkm/storage/aai_qa/assembly/TIGR01943.masked.faa'
removed '_231115_BACT_B/Lab_C4G_1/04_checkm/storage/aai_qa/assembly/PF02629.14.masked.faa'
removed '_231115_BACT_B/Lab_C4G_1/04_checkm/storage/aai_qa/assembly/PF03807.12.masked.faa'
removed '_231115_BACT_B/Lab_C4G_1/04_checkm/storage/aai_qa/assembly/PF01106.12.masked.faa'
removed directory '_231115_BACT_B/Lab_C4G_1/04_checkm/storage/aai_qa/assembly'
removed directory '_231115_BACT_B/Lab_C4G_1/04_checkm/storage/aai_qa'
removed '_231115_BACT_B/Lab_C4G_1/04_checkm/storage/marker_gene_stats.tsv'
removed '_231115_BACT_B/Lab_C4G_1/04_checkm/storage/bin_stats_ext.tsv'
removed '_231115_BACT_B/Lab_C4G_1/04_checkm/storage/checkm_hmm_info.pkl.gz'
removed '_231115_BACT_B/Lab_C4G_1/04_checkm/storage/tree/PF00623.15.masked.faa'
removed '_231115_BACT_B/Lab_C4G_1/04_checkm/storage/tree/PF00831.18.masked.faa'
removed '_231115_BACT_B/Lab_C4G_1/04_checkm/storage/tree/PF02978.14.masked.faa'
removed '_231115_BACT_B/Lab_C4G_1/04_checkm/storage/tree/PF00411.14.masked.faa'
removed '_231115_BACT_B/Lab_C4G_1/04_checkm/storage/tree/concatenated.fasta'
removed '_231115_BACT_B/Lab_C4G_1/04_checkm/storage/tree/PF00366.15.masked.faa'
removed '_231115_BACT_B/Lab_C4G_1/04_checkm/storage/tree/TIGR00344.masked.faa'
removed '_231115_BACT_B/Lab_C4G_1/04_checkm/storage/tree/PF04560.15.masked.faa'
removed '_231115_BACT_B/Lab_C4G_1/04_checkm/storage/tree/PF00572.13.masked.faa'
removed '_231115_BACT_B/Lab_C4G_1/04_checkm/storage/tree/PF01509.13.masked.faa'
removed '_231115_BACT_B/Lab_C4G_1/04_checkm/storage/tree/PF04563.10.masked.faa'
removed '_231115_BACT_B/Lab_C4G_1/04_checkm/storage/tree/PF00203.16.masked.faa'
removed '_231115_BACT_B/Lab_C4G_1/04_checkm/storage/tree/PF00181.18.masked.faa'
removed '_231115_BACT_B/Lab_C4G_1/04_checkm/storage/tree/PF00252.13.masked.faa'
removed '_231115_BACT_B/Lab_C4G_1/04_checkm/storage/tree/PF11987.3.masked.faa'
removed '_231115_BACT_B/Lab_C4G_1/04_checkm/storage/tree/PF00164.20.masked.faa'
removed '_231115_BACT_B/Lab_C4G_1/04_checkm/storage/tree/PF00189.15.masked.faa'
removed '_231115_BACT_B/Lab_C4G_1/04_checkm/storage/tree/PF00380.14.masked.faa'
removed '_231115_BACT_B/Lab_C4G_1/04_checkm/storage/tree/concatenated.pplacer.json'
removed '_231115_BACT_B/Lab_C4G_1/04_checkm/storage/tree/PF04561.9.masked.faa'
removed '_231115_BACT_B/Lab_C4G_1/04_checkm/storage/tree/PF00177.16.masked.faa'
removed '_231115_BACT_B/Lab_C4G_1/04_checkm/storage/tree/PF04997.7.masked.faa'
removed '_231115_BACT_B/Lab_C4G_1/04_checkm/storage/tree/pplacer.out'
removed '_231115_BACT_B/Lab_C4G_1/04_checkm/storage/tree/PF03719.10.masked.faa'
removed '_231115_BACT_B/Lab_C4G_1/04_checkm/storage/tree/PF00298.14.masked.faa'
removed '_231115_BACT_B/Lab_C4G_1/04_checkm/storage/tree/PF00297.17.masked.faa'
removed '_231115_BACT_B/Lab_C4G_1/04_checkm/storage/tree/PF05000.12.masked.faa'
removed '_231115_BACT_B/Lab_C4G_1/04_checkm/storage/tree/PF00861.17.masked.faa'
removed '_231115_BACT_B/Lab_C4G_1/04_checkm/storage/tree/PF00410.14.masked.faa'
removed '_231115_BACT_B/Lab_C4G_1/04_checkm/storage/tree/PF00237.14.masked.faa'
removed '_231115_BACT_B/Lab_C4G_1/04_checkm/storage/tree/PF00333.15.masked.faa'
removed '_231115_BACT_B/Lab_C4G_1/04_checkm/storage/tree/TIGR00422.masked.faa'
removed '_231115_BACT_B/Lab_C4G_1/04_checkm/storage/tree/PF00562.23.masked.faa'
removed '_231115_BACT_B/Lab_C4G_1/04_checkm/storage/tree/PF00281.14.masked.faa'
removed '_231115_BACT_B/Lab_C4G_1/04_checkm/storage/tree/PF03947.13.masked.faa'
removed '_231115_BACT_B/Lab_C4G_1/04_checkm/storage/tree/concatenated.tre'
removed '_231115_BACT_B/Lab_C4G_1/04_checkm/storage/tree/PF01192.17.masked.faa'
removed '_231115_BACT_B/Lab_C4G_1/04_checkm/storage/tree/PF04565.11.masked.faa'
removed '_231115_BACT_B/Lab_C4G_1/04_checkm/storage/tree/PF00673.16.masked.faa'
removed '_231115_BACT_B/Lab_C4G_1/04_checkm/storage/tree/PF00238.14.masked.faa'
removed '_231115_BACT_B/Lab_C4G_1/04_checkm/storage/tree/PF00573.17.masked.faa'
removed '_231115_BACT_B/Lab_C4G_1/04_checkm/storage/tree/PF00312.17.masked.faa'
removed '_231115_BACT_B/Lab_C4G_1/04_checkm/storage/tree/PF03946.9.masked.faa'
removed '_231115_BACT_B/Lab_C4G_1/04_checkm/storage/tree/PF00466.15.masked.faa'
removed '_231115_BACT_B/Lab_C4G_1/04_checkm/storage/tree/PF00687.16.masked.faa'
removed '_231115_BACT_B/Lab_C4G_1/04_checkm/storage/tree/PF00276.15.masked.faa'
removed '_231115_BACT_B/Lab_C4G_1/04_checkm/storage/tree/PF00318.15.masked.faa'
removed directory '_231115_BACT_B/Lab_C4G_1/04_checkm/storage/tree'
removed '_231115_BACT_B/Lab_C4G_1/04_checkm/storage/bin_stats.analyze.tsv'
removed '_231115_BACT_B/Lab_C4G_1/04_checkm/storage/phylo_hmm_info.pkl.gz'
removed directory '_231115_BACT_B/Lab_C4G_1/04_checkm/storage'
removed '_231115_BACT_B/Lab_C4G_1/04_checkm/bins/assembly/hmmer.analyze.txt'
removed '_231115_BACT_B/Lab_C4G_1/04_checkm/bins/assembly/hmmer.tree.txt'
removed '_231115_BACT_B/Lab_C4G_1/04_checkm/bins/assembly/genes.gff'
removed '_231115_BACT_B/Lab_C4G_1/04_checkm/bins/assembly/genes.faa'
removed directory '_231115_BACT_B/Lab_C4G_1/04_checkm/bins/assembly'
removed directory '_231115_BACT_B/Lab_C4G_1/04_checkm/bins'
removed '_231115_BACT_B/Lab_C4G_1/04_checkm/checkm.log'
removed '_231115_BACT_B/Lab_C4G_1/04_checkm/.snakemake_timestamp'
removed '_231115_BACT_B/Lab_C4G_1/04_checkm/lineage.ms'
removed directory '_231115_BACT_B/Lab_C4G_1/04_checkm'
